# JRE version: Java(TM) SE Runtime Environment (8.0_131-b11) (build 1.8.0_131-b11)
# Java VM: Java HotSpot(TM) 64-Bit Server VM (25.131-b11 mixed mode windows-amd64 compressed oops)
Heap:
 garbage-first heap   total 131072K, used 31731K [0x00000000c0000000, 0x00000000c0100400, 0x0000000100000000)
  region size 1024K, 0 young (0K), 2 survivors (2048K)
 Metaspace       used 27771K, capacity 29442K, committed 29692K, reserved 1075200K
  class space    used 3058K, capacity 3521K, committed 3584K, reserved 1048576K
GC Heap History (8 events):
Event: 0.456 GC heap before
{Heap before GC invocations=0 (full 0):
 garbage-first heap   total 131072K, used 24576K [0x00000000c0000000, 0x00000000c0100400, 0x0000000100000000)
  region size 1024K, 24 young (24576K), 0 survivors (0K)
 Metaspace       used 8085K, capacity 8272K, committed 8320K, reserved 1056768K
  class space    used 850K, capacity 889K, committed 896K, reserved 1048576K
Event: 0.462 GC heap after
Heap after GC invocations=1 (full 0):
 garbage-first heap   total 131072K, used 5951K [0x00000000c0000000, 0x00000000c0100400, 0x0000000100000000)
  region size 1024K, 3 young (3072K), 3 survivors (3072K)
 Metaspace       used 8085K, capacity 8272K, committed 8320K, reserved 1056768K
  class space    used 850K, capacity 889K, committed 896K, reserved 1048576K
}
Event: 0.791 GC heap before
{Heap before GC invocations=1 (full 0):
 garbage-first heap   total 131072K, used 36671K [0x00000000c0000000, 0x00000000c0100400, 0x0000000100000000)
  region size 1024K, 33 young (33792K), 3 survivors (3072K)
 Metaspace       used 16443K, capacity 17220K, committed 17536K, reserved 1064960K
  class space    used 1631K, capacity 1872K, committed 1920K, reserved 1048576K
Event: 0.799 GC heap after
Heap after GC invocations=2 (full 0):
 garbage-first heap   total 131072K, used 19908K [0x00000000c0000000, 0x00000000c0100400, 0x0000000100000000)
  region size 1024K, 5 young (5120K), 5 survivors (5120K)
 Metaspace       used 16443K, capacity 17220K, committed 17536K, reserved 1064960K
  class space    used 1631K, capacity 1872K, committed 1920K, reserved 1048576K
}
Event: 0.846 GC heap before
{Heap before GC invocations=2 (full 0):
 garbage-first heap   total 131072K, used 25028K [0x00000000c0000000, 0x00000000c0100400, 0x0000000100000000)
  region size 1024K, 10 young (10240K), 5 survivors (5120K)
 Metaspace       used 17688K, capacity 18586K, committed 18688K, reserved 1067008K
  class space    used 1740K, capacity 2006K, committed 2048K, reserved 1048576K
Event: 0.851 GC heap after
Heap after GC invocations=3 (full 0):
 garbage-first heap   total 131072K, used 22584K [0x00000000c0000000, 0x00000000c0100400, 0x0000000100000000)
  region size 1024K, 1 young (1024K), 1 survivors (1024K)
 Metaspace       used 17688K, capacity 18586K, committed 18688K, reserved 1067008K
  class space    used 1740K, capacity 2006K, committed 2048K, reserved 1048576K
}
Event: 0.923 GC heap before
{Heap before GC invocations=3 (full 0):
 garbage-first heap   total 131072K, used 28728K [0x00000000c0000000, 0x00000000c0100400, 0x0000000100000000)
  region size 1024K, 8 young (8192K), 1 survivors (1024K)
 Metaspace       used 19993K, capacity 21158K, committed 21296K, reserved 1069056K
  class space    used 2041K, capacity 2354K, committed 2432K, reserved 1048576K
Event: 0.926 GC heap after
Heap after GC invocations=4 (full 0):
 garbage-first heap   total 131072K, used 24198K [0x00000000c0000000, 0x00000000c0100400, 0x0000000100000000)
  region size 1024K, 3 young (3072K), 3 survivors (3072K)
 Metaspace       used 19993K, capacity 21158K, committed 21296K, reserved 1069056K
  class space    used 2041K, capacity 2354K, committed 2432K, reserved 1048576K
}

