# JRE version: Java(TM) SE Runtime Environment (8.0_131-b11) (build 1.8.0_131-b11)
# Java VM: Java HotSpot(TM) 64-Bit Server VM (25.131-b11 mixed mode windows-amd64 compressed oops)
Heap:
 garbage-first heap   total 131072K, used 48359K [0x00000000c0000000, 0x00000000c0100400, 0x0000000100000000)
  region size 1024K, 30 young (30720K), 10 survivors (10240K)
 Metaspace       used 28069K, capacity 29794K, committed 30080K, reserved 1075200K
  class space    used 3102K, capacity 3659K, committed 3712K, reserved 1048576K
GC Heap History (10 events):
Event: 0.469 GC heap before
{Heap before GC invocations=0 (full 0):
 garbage-first heap   total 131072K, used 24576K [0x00000000c0000000, 0x00000000c0100400, 0x0000000100000000)
  region size 1024K, 24 young (24576K), 0 survivors (0K)
 Metaspace       used 8454K, capacity 8786K, committed 8960K, reserved 1056768K
  class space    used 885K, capacity 971K, committed 1024K, reserved 1048576K
Event: 0.474 GC heap after
Heap after GC invocations=1 (full 0):
 garbage-first heap   total 131072K, used 6257K [0x00000000c0000000, 0x00000000c0100400, 0x0000000100000000)
  region size 1024K, 3 young (3072K), 3 survivors (3072K)
 Metaspace       used 8454K, capacity 8786K, committed 8960K, reserved 1056768K
  class space    used 885K, capacity 971K, committed 1024K, reserved 1048576K
}
Event: 0.811 GC heap before
{Heap before GC invocations=1 (full 0):
 garbage-first heap   total 131072K, used 36977K [0x00000000c0000000, 0x00000000c0100400, 0x0000000100000000)
  region size 1024K, 33 young (33792K), 3 survivors (3072K)
 Metaspace       used 17236K, capacity 17956K, committed 18048K, reserved 1064960K
  class space    used 1699K, capacity 1904K, committed 1920K, reserved 1048576K
Event: 0.820 GC heap after
Heap after GC invocations=2 (full 0):
 garbage-first heap   total 131072K, used 20007K [0x00000000c0000000, 0x00000000c0100400, 0x0000000100000000)
  region size 1024K, 5 young (5120K), 5 survivors (5120K)
 Metaspace       used 17236K, capacity 17956K, committed 18048K, reserved 1064960K
  class space    used 1699K, capacity 1904K, committed 1920K, reserved 1048576K
}
Event: 0.825 GC heap before
{Heap before GC invocations=2 (full 0):
 garbage-first heap   total 131072K, used 21031K [0x00000000c0000000, 0x00000000c0100400, 0x0000000100000000)
  region size 1024K, 6 young (6144K), 5 survivors (5120K)
 Metaspace       used 17239K, capacity 17956K, committed 18048K, reserved 1064960K
  class space    used 1699K, capacity 1904K, committed 1920K, reserved 1048576K
Event: 0.828 GC heap after
Heap after GC invocations=3 (full 0):
 garbage-first heap   total 131072K, used 22528K [0x00000000c0000000, 0x00000000c0100400, 0x0000000100000000)
  region size 1024K, 1 young (1024K), 1 survivors (1024K)
 Metaspace       used 17239K, capacity 17956K, committed 18048K, reserved 1064960K
  class space    used 1699K, capacity 1904K, committed 1920K, reserved 1048576K
}
Event: 0.925 GC heap before
{Heap before GC invocations=3 (full 0):
 garbage-first heap   total 131072K, used 30720K [0x00000000c0000000, 0x00000000c0100400, 0x0000000100000000)
  region size 1024K, 10 young (10240K), 1 survivors (1024K)
 Metaspace       used 19961K, capacity 21158K, committed 21296K, reserved 1069056K
  class space    used 2038K, capacity 2354K, committed 2432K, reserved 1048576K
Event: 0.928 GC heap after
Heap after GC invocations=4 (full 0):
 garbage-first heap   total 131072K, used 24390K [0x00000000c0000000, 0x00000000c0100400, 0x0000000100000000)
  region size 1024K, 3 young (3072K), 3 survivors (3072K)
 Metaspace       used 19961K, capacity 21158K, committed 21296K, reserved 1069056K
  class space    used 2038K, capacity 2354K, committed 2432K, reserved 1048576K
}
Event: 1.421 GC heap before
{Heap before GC invocations=5 (full 0):
 garbage-first heap   total 131072K, used 92998K [0x00000000c0000000, 0x00000000c0100400, 0x0000000100000000)
  region size 1024K, 76 young (77824K), 3 survivors (3072K)
 Metaspace       used 27678K, capacity 29310K, committed 29440K, reserved 1075200K
  class space    used 3053K, capacity 3521K, committed 3584K, reserved 1048576K
Event: 1.429 GC heap after
Heap after GC invocations=6 (full 0):
 garbage-first heap   total 131072K, used 28903K [0x00000000c0000000, 0x00000000c0100400, 0x0000000100000000)
  region size 1024K, 10 young (10240K), 10 survivors (10240K)
 Metaspace       used 27678K, capacity 29310K, committed 29440K, reserved 1075200K
  class space    used 3053K, capacity 3521K, committed 3584K, reserved 1048576K
}

