# JRE version: Java(TM) SE Runtime Environment (8.0_131-b11) (build 1.8.0_131-b11)
# Java VM: Java HotSpot(TM) 64-Bit Server VM (25.131-b11 mixed mode windows-amd64 compressed oops)
Heap:
 garbage-first heap   total 131072K, used 32256K [0x00000000c0000000, 0x00000000c0100400, 0x0000000100000000)
  region size 1024K, 13 young (13312K), 10 survivors (10240K)
 Metaspace       used 27756K, capacity 29348K, committed 29568K, reserved 1075200K
  class space    used 3064K, capacity 3594K, committed 3712K, reserved 1048576K
GC Heap History (8 events):
Event: 0.458 GC heap before
{Heap before GC invocations=0 (full 0):
 garbage-first heap   total 131072K, used 24576K [0x00000000c0000000, 0x00000000c0100400, 0x0000000100000000)
  region size 1024K, 24 young (24576K), 0 survivors (0K)
 Metaspace       used 8083K, capacity 8208K, committed 8320K, reserved 1056768K
  class space    used 850K, capacity 889K, committed 896K, reserved 1048576K
Event: 0.463 GC heap after
Heap after GC invocations=1 (full 0):
 garbage-first heap   total 131072K, used 5967K [0x00000000c0000000, 0x00000000c0100400, 0x0000000100000000)
  region size 1024K, 3 young (3072K), 3 survivors (3072K)
 Metaspace       used 8083K, capacity 8208K, committed 8320K, reserved 1056768K
  class space    used 850K, capacity 889K, committed 896K, reserved 1048576K
}
Event: 0.883 GC heap before
{Heap before GC invocations=1 (full 0):
 garbage-first heap   total 131072K, used 36687K [0x00000000c0000000, 0x00000000c0100400, 0x0000000100000000)
  region size 1024K, 33 young (33792K), 3 survivors (3072K)
 Metaspace       used 16462K, capacity 17284K, committed 17536K, reserved 1064960K
  class space    used 1632K, capacity 1872K, committed 1920K, reserved 1048576K
Event: 0.892 GC heap after
Heap after GC invocations=2 (full 0):
 garbage-first heap   total 131072K, used 19605K [0x00000000c0000000, 0x00000000c0100400, 0x0000000100000000)
  region size 1024K, 5 young (5120K), 5 survivors (5120K)
 Metaspace       used 16462K, capacity 17284K, committed 17536K, reserved 1064960K
  class space    used 1632K, capacity 1872K, committed 1920K, reserved 1048576K
}
Event: 1.022 GC heap before
{Heap before GC invocations=2 (full 0):
 garbage-first heap   total 131072K, used 31893K [0x00000000c0000000, 0x00000000c0100400, 0x0000000100000000)
  region size 1024K, 18 young (18432K), 5 survivors (5120K)
 Metaspace       used 19997K, capacity 21260K, committed 21296K, reserved 1069056K
  class space    used 2039K, capacity 2428K, committed 2432K, reserved 1048576K
Event: 1.027 GC heap after
Heap after GC invocations=3 (full 0):
 garbage-first heap   total 131072K, used 25237K [0x00000000c0000000, 0x00000000c0100400, 0x0000000100000000)
  region size 1024K, 10 young (10240K), 10 survivors (10240K)
 Metaspace       used 19997K, capacity 21260K, committed 21296K, reserved 1069056K
  class space    used 2039K, capacity 2428K, committed 2432K, reserved 1048576K
}
Event: 1.166 GC heap before
{Heap before GC invocations=4 (full 0):
 garbage-first heap   total 131072K, used 38549K [0x00000000c0000000, 0x00000000c0100400, 0x0000000100000000)
  region size 1024K, 27 young (27648K), 10 survivors (10240K)
 Metaspace       used 22364K, capacity 23694K, committed 23808K, reserved 1071104K
  class space    used 2341K, capacity 2714K, committed 2816K, reserved 1048576K
Event: 1.172 GC heap after
Heap after GC invocations=5 (full 0):
 garbage-first heap   total 131072K, used 22749K [0x00000000c0000000, 0x00000000c0100400, 0x0000000100000000)
  region size 1024K, 4 young (4096K), 4 survivors (4096K)
 Metaspace       used 22364K, capacity 23694K, committed 23808K, reserved 1071104K
  class space    used 2341K, capacity 2714K, committed 2816K, reserved 1048576K
}

