# JRE version: Java(TM) SE Runtime Environment (8.0_131-b11) (build 1.8.0_131-b11)
# Java VM: Java HotSpot(TM) 64-Bit Server VM (25.131-b11 mixed mode windows-amd64 compressed oops)
Heap:
 garbage-first heap   total 131072K, used 39112K [0x00000000c0000000, 0x00000000c0100400, 0x0000000100000000)
  region size 1024K, 24 young (24576K), 3 survivors (3072K)
 Metaspace       used 22717K, capacity 24198K, committed 24316K, reserved 1071104K
  class space    used 2401K, capacity 2778K, committed 2816K, reserved 1048576K
GC Heap History (8 events):
Event: 0.449 GC heap before
{Heap before GC invocations=0 (full 0):
 garbage-first heap   total 131072K, used 24576K [0x00000000c0000000, 0x00000000c0100400, 0x0000000100000000)
  region size 1024K, 24 young (24576K), 0 survivors (0K)
 Metaspace       used 8085K, capacity 8272K, committed 8320K, reserved 1056768K
  class space    used 850K, capacity 889K, committed 896K, reserved 1048576K
Event: 0.455 GC heap after
Heap after GC invocations=1 (full 0):
 garbage-first heap   total 131072K, used 5980K [0x00000000c0000000, 0x00000000c0100400, 0x0000000100000000)
  region size 1024K, 3 young (3072K), 3 survivors (3072K)
 Metaspace       used 8085K, capacity 8272K, committed 8320K, reserved 1056768K
  class space    used 850K, capacity 889K, committed 896K, reserved 1048576K
}
Event: 0.794 GC heap before
{Heap before GC invocations=1 (full 0):
 garbage-first heap   total 131072K, used 36700K [0x00000000c0000000, 0x00000000c0100400, 0x0000000100000000)
  region size 1024K, 33 young (33792K), 3 survivors (3072K)
 Metaspace       used 16454K, capacity 17220K, committed 17536K, reserved 1064960K
  class space    used 1632K, capacity 1872K, committed 1920K, reserved 1048576K
Event: 0.801 GC heap after
Heap after GC invocations=2 (full 0):
 garbage-first heap   total 131072K, used 20221K [0x00000000c0000000, 0x00000000c0100400, 0x0000000100000000)
  region size 1024K, 5 young (5120K), 5 survivors (5120K)
 Metaspace       used 16454K, capacity 17220K, committed 17536K, reserved 1064960K
  class space    used 1632K, capacity 1872K, committed 1920K, reserved 1048576K
}
Event: 0.873 GC heap before
{Heap before GC invocations=2 (full 0):
 garbage-first heap   total 131072K, used 26365K [0x00000000c0000000, 0x00000000c0100400, 0x0000000100000000)
  region size 1024K, 11 young (11264K), 5 survivors (5120K)
 Metaspace       used 18443K, capacity 19426K, committed 19584K, reserved 1067008K
  class space    used 1853K, capacity 2158K, committed 2176K, reserved 1048576K
Event: 0.876 GC heap after
Heap after GC invocations=3 (full 0):
 garbage-first heap   total 131072K, used 23096K [0x00000000c0000000, 0x00000000c0100400, 0x0000000100000000)
  region size 1024K, 1 young (1024K), 1 survivors (1024K)
 Metaspace       used 18443K, capacity 19426K, committed 19584K, reserved 1067008K
  class space    used 1853K, capacity 2158K, committed 2176K, reserved 1048576K
}
Event: 0.934 GC heap before
{Heap before GC invocations=3 (full 0):
 garbage-first heap   total 131072K, used 28216K [0x00000000c0000000, 0x00000000c0100400, 0x0000000100000000)
  region size 1024K, 7 young (7168K), 1 survivors (1024K)
 Metaspace       used 20010K, capacity 21126K, committed 21296K, reserved 1069056K
  class space    used 2043K, capacity 2322K, committed 2432K, reserved 1048576K
Event: 0.937 GC heap after
Heap after GC invocations=4 (full 0):
 garbage-first heap   total 131072K, used 24320K [0x00000000c0000000, 0x00000000c0100400, 0x0000000100000000)
  region size 1024K, 3 young (3072K), 3 survivors (3072K)
 Metaspace       used 20010K, capacity 21126K, committed 21296K, reserved 1069056K
  class space    used 2043K, capacity 2322K, committed 2432K, reserved 1048576K
}

